<?xml version="1.0" encoding="UTF-8"?>
<testsuite xmlns:xsi="http://www.w3.org/2001/XMLSchema-instance" xsi:noNamespaceSchemaLocation="https://maven.apache.org/surefire/maven-surefire-plugin/xsd/surefire-test-report.xsd" version="3.0.2" name="TestSuite" time="5.129" tests="4" errors="0" skipped="0" failures="0">
  <properties>
    <property name="surefire.suiteXmlFiles" value="src/test/resources/testng.xml"/>
    <property name="java.specification.version" value="23"/>
    <property name="webdriver.chrome.driver" value="/Users/elizondo/.cache/selenium/chromedriver/mac-arm64/134.0.6998.165/chromedriver"/>
    <property name="sun.jnu.encoding" value="UTF-8"/>
    <property name="java.class.path" value="/Users/elizondo/Documents/java_learning/selenium_learning/selenium-practice-1/target/test-classes:/Users/elizondo/Documents/java_learning/selenium_learning/selenium-practice-1/target/classes:/Users/elizondo/.m2/repository/org/slf4j/slf4j-api/2.0.17/slf4j-api-2.0.17.jar:/Users/elizondo/.m2/repository/ch/qos/logback/logback-classic/1.5.17/logback-classic-1.5.17.jar:/Users/elizondo/.m2/repository/ch/qos/logback/logback-core/1.5.17/logback-core-1.5.17.jar:/Users/elizondo/.m2/repository/org/seleniumhq/selenium/selenium-java/4.29.0/selenium-java-4.29.0.jar:/Users/elizondo/.m2/repository/org/seleniumhq/selenium/selenium-api/4.29.0/selenium-api-4.29.0.jar:/Users/elizondo/.m2/repository/org/seleniumhq/selenium/selenium-chrome-driver/4.29.0/selenium-chrome-driver-4.29.0.jar:/Users/elizondo/.m2/repository/org/seleniumhq/selenium/selenium-chromium-driver/4.29.0/selenium-chromium-driver-4.29.0.jar:/Users/elizondo/.m2/repository/org/seleniumhq/selenium/selenium-devtools-v131/4.29.0/selenium-devtools-v131-4.29.0.jar:/Users/elizondo/.m2/repository/org/seleniumhq/selenium/selenium-devtools-v132/4.29.0/selenium-devtools-v132-4.29.0.jar:/Users/elizondo/.m2/repository/org/seleniumhq/selenium/selenium-devtools-v133/4.29.0/selenium-devtools-v133-4.29.0.jar:/Users/elizondo/.m2/repository/org/seleniumhq/selenium/selenium-devtools-v85/4.29.0/selenium-devtools-v85-4.29.0.jar:/Users/elizondo/.m2/repository/org/seleniumhq/selenium/selenium-edge-driver/4.29.0/selenium-edge-driver-4.29.0.jar:/Users/elizondo/.m2/repository/org/seleniumhq/selenium/selenium-firefox-driver/4.29.0/selenium-firefox-driver-4.29.0.jar:/Users/elizondo/.m2/repository/org/seleniumhq/selenium/selenium-ie-driver/4.29.0/selenium-ie-driver-4.29.0.jar:/Users/elizondo/.m2/repository/org/seleniumhq/selenium/selenium-remote-driver/4.29.0/selenium-remote-driver-4.29.0.jar:/Users/elizondo/.m2/repository/io/opentelemetry/semconv/opentelemetry-semconv/1.28.0-alpha/opentelemetry-semconv-1.28.0-alpha.jar:/Users/elizondo/.m2/repository/io/opentelemetry/opentelemetry-api/1.46.0/opentelemetry-api-1.46.0.jar:/Users/elizondo/.m2/repository/io/opentelemetry/opentelemetry-context/1.46.0/opentelemetry-context-1.46.0.jar:/Users/elizondo/.m2/repository/io/opentelemetry/opentelemetry-exporter-logging/1.46.0/opentelemetry-exporter-logging-1.46.0.jar:/Users/elizondo/.m2/repository/io/opentelemetry/opentelemetry-sdk-common/1.46.0/opentelemetry-sdk-common-1.46.0.jar:/Users/elizondo/.m2/repository/io/opentelemetry/opentelemetry-sdk-extension-autoconfigure-spi/1.46.0/opentelemetry-sdk-extension-autoconfigure-spi-1.46.0.jar:/Users/elizondo/.m2/repository/io/opentelemetry/opentelemetry-sdk-extension-autoconfigure/1.46.0/opentelemetry-sdk-extension-autoconfigure-1.46.0.jar:/Users/elizondo/.m2/repository/io/opentelemetry/opentelemetry-api-incubator/1.46.0-alpha/opentelemetry-api-incubator-1.46.0-alpha.jar:/Users/elizondo/.m2/repository/io/opentelemetry/opentelemetry-sdk-trace/1.46.0/opentelemetry-sdk-trace-1.46.0.jar:/Users/elizondo/.m2/repository/io/opentelemetry/opentelemetry-sdk/1.46.0/opentelemetry-sdk-1.46.0.jar:/Users/elizondo/.m2/repository/io/opentelemetry/opentelemetry-sdk-metrics/1.46.0/opentelemetry-sdk-metrics-1.46.0.jar:/Users/elizondo/.m2/repository/io/opentelemetry/opentelemetry-sdk-logs/1.46.0/opentelemetry-sdk-logs-1.46.0.jar:/Users/elizondo/.m2/repository/org/seleniumhq/selenium/selenium-os/4.29.0/selenium-os-4.29.0.jar:/Users/elizondo/.m2/repository/org/apache/commons/commons-exec/1.4.0/commons-exec-1.4.0.jar:/Users/elizondo/.m2/repository/org/seleniumhq/selenium/selenium-safari-driver/4.29.0/selenium-safari-driver-4.29.0.jar:/Users/elizondo/.m2/repository/org/seleniumhq/selenium/selenium-support/4.29.0/selenium-support-4.29.0.jar:/Users/elizondo/.m2/repository/org/testng/testng/7.11.0/testng-7.11.0.jar:/Users/elizondo/.m2/repository/org/jcommander/jcommander/1.83/jcommander-1.83.jar:/Users/elizondo/.m2/repository/org/webjars/jquery/3.7.1/jquery-3.7.1.jar:/Users/elizondo/.m2/repository/org/assertj/assertj-core/3.27.3/assertj-core-3.27.3.jar:/Users/elizondo/.m2/repository/net/bytebuddy/byte-buddy/1.15.11/byte-buddy-1.15.11.jar:/Users/elizondo/.m2/repository/io/github/bonigarcia/webdrivermanager/6.0.0-SNAPSHOT/webdrivermanager-6.0.0-SNAPSHOT.jar:/Users/elizondo/.m2/repository/com/google/code/gson/gson/2.12.1/gson-2.12.1.jar:/Users/elizondo/.m2/repository/com/github/docker-java/docker-java/3.4.1/docker-java-3.4.1.jar:/Users/elizondo/.m2/repository/com/github/docker-java/docker-java-core/3.4.1/docker-java-core-3.4.1.jar:/Users/elizondo/.m2/repository/com/github/docker-java/docker-java-api/3.4.1/docker-java-api-3.4.1.jar:/Users/elizondo/.m2/repository/com/github/docker-java/docker-java-transport-httpclient5/3.4.1/docker-java-transport-httpclient5-3.4.1.jar:/Users/elizondo/.m2/repository/com/github/docker-java/docker-java-transport/3.4.1/docker-java-transport-3.4.1.jar:/Users/elizondo/.m2/repository/net/java/dev/jna/jna/5.13.0/jna-5.13.0.jar:/Users/elizondo/.m2/repository/org/brotli/dec/0.1.2/dec-0.1.2.jar:/Users/elizondo/.m2/repository/org/apache/commons/commons-lang3/3.17.0/commons-lang3-3.17.0.jar:/Users/elizondo/.m2/repository/org/apache/commons/commons-compress/1.27.1/commons-compress-1.27.1.jar:/Users/elizondo/.m2/repository/commons-codec/commons-codec/1.17.1/commons-codec-1.17.1.jar:/Users/elizondo/.m2/repository/org/apache/httpcomponents/client5/httpclient5/5.2.1/httpclient5-5.2.1.jar:/Users/elizondo/.m2/repository/org/apache/httpcomponents/core5/httpcore5/5.2/httpcore5-5.2.jar:/Users/elizondo/.m2/repository/org/apache/httpcomponents/core5/httpcore5-h2/5.2/httpcore5-h2-5.2.jar:/Users/elizondo/.m2/repository/org/seleniumhq/selenium/htmlunit-driver/4.13.0/htmlunit-driver-4.13.0.jar:/Users/elizondo/.m2/repository/net/sourceforge/htmlunit/htmlunit/2.70.0/htmlunit-2.70.0.jar:/Users/elizondo/.m2/repository/net/sourceforge/htmlunit/htmlunit-core-js/2.70.0/htmlunit-core-js-2.70.0.jar:/Users/elizondo/.m2/repository/net/sourceforge/htmlunit/neko-htmlunit/2.70.0/neko-htmlunit-2.70.0.jar:/Users/elizondo/.m2/repository/net/sourceforge/htmlunit/htmlunit-cssparser/1.14.0/htmlunit-cssparser-1.14.0.jar:/Users/elizondo/.m2/repository/net/sourceforge/htmlunit/htmlunit-xpath/2.70.0/htmlunit-xpath-2.70.0.jar:/Users/elizondo/.m2/repository/org/apache/commons/commons-text/1.10.0/commons-text-1.10.0.jar:/Users/elizondo/.m2/repository/commons-logging/commons-logging/1.2/commons-logging-1.2.jar:/Users/elizondo/.m2/repository/commons-net/commons-net/3.9.0/commons-net-3.9.0.jar:/Users/elizondo/.m2/repository/com/shapesecurity/salvation2/3.0.1/salvation2-3.0.1.jar:/Users/elizondo/.m2/repository/org/eclipse/jetty/websocket/websocket-client/9.4.50.v20221201/websocket-client-9.4.50.v20221201.jar:/Users/elizondo/.m2/repository/org/eclipse/jetty/jetty-client/9.4.50.v20221201/jetty-client-9.4.50.v20221201.jar:/Users/elizondo/.m2/repository/org/eclipse/jetty/jetty-http/9.4.50.v20221201/jetty-http-9.4.50.v20221201.jar:/Users/elizondo/.m2/repository/org/eclipse/jetty/jetty-util/9.4.50.v20221201/jetty-util-9.4.50.v20221201.jar:/Users/elizondo/.m2/repository/org/eclipse/jetty/jetty-io/9.4.50.v20221201/jetty-io-9.4.50.v20221201.jar:/Users/elizondo/.m2/repository/org/eclipse/jetty/websocket/websocket-common/9.4.50.v20221201/websocket-common-9.4.50.v20221201.jar:/Users/elizondo/.m2/repository/org/eclipse/jetty/websocket/websocket-api/9.4.50.v20221201/websocket-api-9.4.50.v20221201.jar:/Users/elizondo/.m2/repository/org/seleniumhq/selenium/selenium-grid/4.29.0/selenium-grid-4.29.0.jar:/Users/elizondo/.m2/repository/com/beust/jcommander/1.82/jcommander-1.82.jar:/Users/elizondo/.m2/repository/com/google/auto/service/auto-service-annotations/1.1.1/auto-service-annotations-1.1.1.jar:/Users/elizondo/.m2/repository/com/google/guava/guava/33.4.0-jre/guava-33.4.0-jre.jar:/Users/elizondo/.m2/repository/com/google/guava/failureaccess/1.0.2/failureaccess-1.0.2.jar:/Users/elizondo/.m2/repository/com/google/guava/listenablefuture/9999.0-empty-to-avoid-conflict-with-guava/listenablefuture-9999.0-empty-to-avoid-conflict-with-guava.jar:/Users/elizondo/.m2/repository/com/google/code/findbugs/jsr305/3.0.2/jsr305-3.0.2.jar:/Users/elizondo/.m2/repository/org/checkerframework/checker-qual/3.43.0/checker-qual-3.43.0.jar:/Users/elizondo/.m2/repository/com/google/j2objc/j2objc-annotations/3.0.0/j2objc-annotations-3.0.0.jar:/Users/elizondo/.m2/repository/com/graphql-java/graphql-java/22.3/graphql-java-22.3.jar:/Users/elizondo/.m2/repository/com/graphql-java/java-dataloader/3.3.0/java-dataloader-3.3.0.jar:/Users/elizondo/.m2/repository/org/reactivestreams/reactive-streams/1.0.3/reactive-streams-1.0.3.jar:/Users/elizondo/.m2/repository/dev/failsafe/failsafe/3.3.2/failsafe-3.3.2.jar:/Users/elizondo/.m2/repository/io/netty/netty-buffer/4.1.117.Final/netty-buffer-4.1.117.Final.jar:/Users/elizondo/.m2/repository/io/netty/netty-codec-http/4.1.117.Final/netty-codec-http-4.1.117.Final.jar:/Users/elizondo/.m2/repository/io/netty/netty-codec/4.1.117.Final/netty-codec-4.1.117.Final.jar:/Users/elizondo/.m2/repository/io/netty/netty-common/4.1.117.Final/netty-common-4.1.117.Final.jar:/Users/elizondo/.m2/repository/io/netty/netty-handler/4.1.117.Final/netty-handler-4.1.117.Final.jar:/Users/elizondo/.m2/repository/io/netty/netty-resolver/4.1.117.Final/netty-resolver-4.1.117.Final.jar:/Users/elizondo/.m2/repository/io/netty/netty-transport-native-unix-common/4.1.117.Final/netty-transport-native-unix-common-4.1.117.Final.jar:/Users/elizondo/.m2/repository/io/netty/netty-transport/4.1.117.Final/netty-transport-4.1.117.Final.jar:/Users/elizondo/.m2/repository/org/seleniumhq/selenium/selenium-http/4.29.0/selenium-http-4.29.0.jar:/Users/elizondo/.m2/repository/org/seleniumhq/selenium/selenium-json/4.29.0/selenium-json-4.29.0.jar:/Users/elizondo/.m2/repository/org/seleniumhq/selenium/selenium-manager/4.29.0/selenium-manager-4.29.0.jar:/Users/elizondo/.m2/repository/org/tomlj/tomlj/1.1.1/tomlj-1.1.1.jar:/Users/elizondo/.m2/repository/org/antlr/antlr4-runtime/4.11.1/antlr4-runtime-4.11.1.jar:/Users/elizondo/.m2/repository/org/zeromq/jeromq/0.6.0/jeromq-0.6.0.jar:/Users/elizondo/.m2/repository/eu/neilalexander/jnacl/1.0.0/jnacl-1.0.0.jar:/Users/elizondo/.m2/repository/org/awaitility/awaitility/4.3.0/awaitility-4.3.0.jar:/Users/elizondo/.m2/repository/org/hamcrest/hamcrest/2.1/hamcrest-2.1.jar:/Users/elizondo/.m2/repository/net/lightbody/bmp/browsermob-core/2.1.5/browsermob-core-2.1.5.jar:/Users/elizondo/.m2/repository/net/lightbody/bmp/littleproxy/1.1.0-beta-bmp-17/littleproxy-1.1.0-beta-bmp-17.jar:/Users/elizondo/.m2/repository/dnsjava/dnsjava/2.1.8/dnsjava-2.1.8.jar:/Users/elizondo/.m2/repository/org/slf4j/jcl-over-slf4j/1.7.25/jcl-over-slf4j-1.7.25.jar:/Users/elizondo/.m2/repository/com/jcraft/jzlib/1.1.3/jzlib-1.1.3.jar:/Users/elizondo/.m2/repository/io/netty/netty-all/4.0.51.Final/netty-all-4.0.51.Final.jar:/Users/elizondo/.m2/repository/org/bouncycastle/bcprov-jdk15on/1.58/bcprov-jdk15on-1.58.jar:/Users/elizondo/.m2/repository/org/bouncycastle/bcpkix-jdk15on/1.58/bcpkix-jdk15on-1.58.jar:/Users/elizondo/.m2/repository/net/lightbody/bmp/mitm/2.1.5/mitm-2.1.5.jar:/Users/elizondo/.m2/repository/org/zaproxy/zap-clientapi/1.16.0/zap-clientapi-1.16.0.jar:/Users/elizondo/.m2/repository/org/jdom/jdom/1.1.3/jdom-1.1.3.jar:/Users/elizondo/.m2/repository/com/deque/html/axe-core/selenium/4.10.1/selenium-4.10.1.jar:/Users/elizondo/.m2/repository/commons-io/commons-io/2.16.1/commons-io-2.16.1.jar:/Users/elizondo/.m2/repository/com/fasterxml/jackson/core/jackson-databind/2.17.1/jackson-databind-2.17.1.jar:/Users/elizondo/.m2/repository/com/fasterxml/jackson/core/jackson-annotations/2.17.1/jackson-annotations-2.17.1.jar:/Users/elizondo/.m2/repository/com/fasterxml/jackson/core/jackson-core/2.17.1/jackson-core-2.17.1.jar:/Users/elizondo/.m2/repository/com/deque/html/axe-core/dequeutilites/4.10.1/dequeutilites-4.10.1.jar:/Users/elizondo/.m2/repository/com/codeborne/selenide/7.7.3/selenide-7.7.3.jar:/Users/elizondo/.m2/repository/com/codeborne/selenide-core/7.7.3/selenide-core-7.7.3.jar:/Users/elizondo/.m2/repository/org/opentest4j/opentest4j/1.3.0/opentest4j-1.3.0.jar:/Users/elizondo/.m2/repository/com/github/valfirst/browserup-proxy/browserup-proxy-core/3.1.2/browserup-proxy-core-3.1.2.jar:/Users/elizondo/.m2/repository/org/jspecify/jspecify/1.0.0/jspecify-1.0.0.jar:/Users/elizondo/.m2/repository/com/google/errorprone/error_prone_annotations/2.36.0/error_prone_annotations-2.36.0.jar:/Users/elizondo/.m2/repository/net/datafaker/datafaker/2.4.2/datafaker-2.4.2.jar:/Users/elizondo/.m2/repository/org/yaml/snakeyaml/2.3/snakeyaml-2.3.jar:/Users/elizondo/.m2/repository/com/github/curious-odd-man/rgxgen/2.0/rgxgen-2.0.jar:/Users/elizondo/.m2/repository/com/googlecode/libphonenumber/libphonenumber/8.13.50/libphonenumber-8.13.50.jar:/Users/elizondo/.m2/repository/com/aventstack/extentreports/5.1.2/extentreports-5.1.2.jar:/Users/elizondo/.m2/repository/io/reactivex/rxjava3/rxjava/3.1.6/rxjava-3.1.6.jar:/Users/elizondo/.m2/repository/org/freemarker/freemarker/2.3.32/freemarker-2.3.32.jar:/Users/elizondo/.m2/repository/io/qameta/allure/allure-testng/2.29.1/allure-testng-2.29.1.jar:/Users/elizondo/.m2/repository/io/qameta/allure/allure-java-commons/2.29.1/allure-java-commons-2.29.1.jar:/Users/elizondo/.m2/repository/io/qameta/allure/allure-model/2.29.1/allure-model-2.29.1.jar:/Users/elizondo/.m2/repository/io/qameta/allure/allure-test-filter/2.29.1/allure-test-filter-2.29.1.jar:/Users/elizondo/.m2/repository/io/cucumber/cucumber-java/7.21.1/cucumber-java-7.21.1.jar:/Users/elizondo/.m2/repository/io/cucumber/cucumber-core/7.21.1/cucumber-core-7.21.1.jar:/Users/elizondo/.m2/repository/io/cucumber/cucumber-gherkin/7.21.1/cucumber-gherkin-7.21.1.jar:/Users/elizondo/.m2/repository/io/cucumber/cucumber-gherkin-messages/7.21.1/cucumber-gherkin-messages-7.21.1.jar:/Users/elizondo/.m2/repository/io/cucumber/gherkin/31.0.0/gherkin-31.0.0.jar:/Users/elizondo/.m2/repository/io/cucumber/messages/27.2.0/messages-27.2.0.jar:/Users/elizondo/.m2/repository/io/cucumber/testng-xml-formatter/0.3.1/testng-xml-formatter-0.3.1.jar:/Users/elizondo/.m2/repository/io/cucumber/query/13.2.0/query-13.2.0.jar:/Users/elizondo/.m2/repository/io/cucumber/tag-expressions/6.1.2/tag-expressions-6.1.2.jar:/Users/elizondo/.m2/repository/io/cucumber/cucumber-expressions/18.0.1/cucumber-expressions-18.0.1.jar:/Users/elizondo/.m2/repository/io/cucumber/datatable/7.21.1/datatable-7.21.1.jar:/Users/elizondo/.m2/repository/io/cucumber/cucumber-plugin/7.21.1/cucumber-plugin-7.21.1.jar:/Users/elizondo/.m2/repository/io/cucumber/docstring/7.21.1/docstring-7.21.1.jar:/Users/elizondo/.m2/repository/io/cucumber/html-formatter/21.9.0/html-formatter-21.9.0.jar:/Users/elizondo/.m2/repository/io/cucumber/junit-xml-formatter/0.7.1/junit-xml-formatter-0.7.1.jar:/Users/elizondo/.m2/repository/io/cucumber/ci-environment/10.0.1/ci-environment-10.0.1.jar:/Users/elizondo/.m2/repository/org/apiguardian/apiguardian-api/1.1.2/apiguardian-api-1.1.2.jar:/Users/elizondo/.m2/repository/io/cucumber/cucumber-testng/7.21.1/cucumber-testng-7.21.1.jar:/Users/elizondo/.m2/repository/org/springframework/boot/spring-boot-starter/3.4.3/spring-boot-starter-3.4.3.jar:/Users/elizondo/.m2/repository/org/springframework/boot/spring-boot/3.4.3/spring-boot-3.4.3.jar:/Users/elizondo/.m2/repository/org/springframework/spring-context/6.2.3/spring-context-6.2.3.jar:/Users/elizondo/.m2/repository/org/springframework/boot/spring-boot-autoconfigure/3.4.3/spring-boot-autoconfigure-3.4.3.jar:/Users/elizondo/.m2/repository/org/springframework/boot/spring-boot-starter-logging/3.4.3/spring-boot-starter-logging-3.4.3.jar:/Users/elizondo/.m2/repository/org/apache/logging/log4j/log4j-to-slf4j/2.24.3/log4j-to-slf4j-2.24.3.jar:/Users/elizondo/.m2/repository/org/apache/logging/log4j/log4j-api/2.24.3/log4j-api-2.24.3.jar:/Users/elizondo/.m2/repository/org/slf4j/jul-to-slf4j/2.0.16/jul-to-slf4j-2.0.16.jar:/Users/elizondo/.m2/repository/jakarta/annotation/jakarta.annotation-api/2.1.1/jakarta.annotation-api-2.1.1.jar:/Users/elizondo/.m2/repository/org/springframework/spring-core/6.2.3/spring-core-6.2.3.jar:/Users/elizondo/.m2/repository/org/springframework/spring-jcl/6.2.3/spring-jcl-6.2.3.jar:/Users/elizondo/.m2/repository/org/springframework/boot/spring-boot-starter-web/3.4.3/spring-boot-starter-web-3.4.3.jar:/Users/elizondo/.m2/repository/org/springframework/boot/spring-boot-starter-json/3.4.3/spring-boot-starter-json-3.4.3.jar:/Users/elizondo/.m2/repository/com/fasterxml/jackson/datatype/jackson-datatype-jdk8/2.18.2/jackson-datatype-jdk8-2.18.2.jar:/Users/elizondo/.m2/repository/com/fasterxml/jackson/datatype/jackson-datatype-jsr310/2.18.2/jackson-datatype-jsr310-2.18.2.jar:/Users/elizondo/.m2/repository/com/fasterxml/jackson/module/jackson-module-parameter-names/2.18.2/jackson-module-parameter-names-2.18.2.jar:/Users/elizondo/.m2/repository/org/springframework/boot/spring-boot-starter-tomcat/3.4.3/spring-boot-starter-tomcat-3.4.3.jar:/Users/elizondo/.m2/repository/org/apache/tomcat/embed/tomcat-embed-core/10.1.36/tomcat-embed-core-10.1.36.jar:/Users/elizondo/.m2/repository/org/apache/tomcat/embed/tomcat-embed-el/10.1.36/tomcat-embed-el-10.1.36.jar:/Users/elizondo/.m2/repository/org/apache/tomcat/embed/tomcat-embed-websocket/10.1.36/tomcat-embed-websocket-10.1.36.jar:/Users/elizondo/.m2/repository/org/springframework/spring-web/6.2.3/spring-web-6.2.3.jar:/Users/elizondo/.m2/repository/org/springframework/spring-beans/6.2.3/spring-beans-6.2.3.jar:/Users/elizondo/.m2/repository/io/micrometer/micrometer-observation/1.14.4/micrometer-observation-1.14.4.jar:/Users/elizondo/.m2/repository/io/micrometer/micrometer-commons/1.14.4/micrometer-commons-1.14.4.jar:/Users/elizondo/.m2/repository/org/springframework/spring-webmvc/6.2.3/spring-webmvc-6.2.3.jar:/Users/elizondo/.m2/repository/org/springframework/spring-aop/6.2.3/spring-aop-6.2.3.jar:/Users/elizondo/.m2/repository/org/springframework/spring-expression/6.2.3/spring-expression-6.2.3.jar:/Users/elizondo/.m2/repository/org/springframework/boot/spring-boot-starter-test/3.4.3/spring-boot-starter-test-3.4.3.jar:/Users/elizondo/.m2/repository/org/springframework/boot/spring-boot-test/3.4.3/spring-boot-test-3.4.3.jar:/Users/elizondo/.m2/repository/org/springframework/boot/spring-boot-test-autoconfigure/3.4.3/spring-boot-test-autoconfigure-3.4.3.jar:/Users/elizondo/.m2/repository/com/jayway/jsonpath/json-path/2.9.0/json-path-2.9.0.jar:/Users/elizondo/.m2/repository/jakarta/xml/bind/jakarta.xml.bind-api/4.0.2/jakarta.xml.bind-api-4.0.2.jar:/Users/elizondo/.m2/repository/jakarta/activation/jakarta.activation-api/2.1.3/jakarta.activation-api-2.1.3.jar:/Users/elizondo/.m2/repository/net/minidev/json-smart/2.5.2/json-smart-2.5.2.jar:/Users/elizondo/.m2/repository/net/minidev/accessors-smart/2.5.2/accessors-smart-2.5.2.jar:/Users/elizondo/.m2/repository/org/ow2/asm/asm/9.7.1/asm-9.7.1.jar:/Users/elizondo/.m2/repository/org/mockito/mockito-core/5.14.2/mockito-core-5.14.2.jar:/Users/elizondo/.m2/repository/net/bytebuddy/byte-buddy-agent/1.15.4/byte-buddy-agent-1.15.4.jar:/Users/elizondo/.m2/repository/org/objenesis/objenesis/3.3/objenesis-3.3.jar:/Users/elizondo/.m2/repository/org/mockito/mockito-junit-jupiter/5.14.2/mockito-junit-jupiter-5.14.2.jar:/Users/elizondo/.m2/repository/org/skyscreamer/jsonassert/1.5.3/jsonassert-1.5.3.jar:/Users/elizondo/.m2/repository/com/vaadin/external/google/android-json/0.0.20131108.vaadin1/android-json-0.0.20131108.vaadin1.jar:/Users/elizondo/.m2/repository/org/springframework/spring-test/6.2.3/spring-test-6.2.3.jar:/Users/elizondo/.m2/repository/org/xmlunit/xmlunit-core/2.10.0/xmlunit-core-2.10.0.jar:/Users/elizondo/.m2/repository/io/appium/java-client/9.4.0/java-client-9.4.0.jar:/Users/elizondo/.m2/repository/io/rest-assured/rest-assured/5.5.1/rest-assured-5.5.1.jar:/Users/elizondo/.m2/repository/org/apache/groovy/groovy/4.0.22/groovy-4.0.22.jar:/Users/elizondo/.m2/repository/org/apache/groovy/groovy-xml/4.0.22/groovy-xml-4.0.22.jar:/Users/elizondo/.m2/repository/org/apache/httpcomponents/httpclient/4.5.13/httpclient-4.5.13.jar:/Users/elizondo/.m2/repository/org/apache/httpcomponents/httpcore/4.4.13/httpcore-4.4.13.jar:/Users/elizondo/.m2/repository/org/apache/httpcomponents/httpmime/4.5.13/httpmime-4.5.13.jar:/Users/elizondo/.m2/repository/org/ccil/cowan/tagsoup/tagsoup/1.2.1/tagsoup-1.2.1.jar:/Users/elizondo/.m2/repository/io/rest-assured/json-path/5.5.1/json-path-5.5.1.jar:/Users/elizondo/.m2/repository/org/apache/groovy/groovy-json/4.0.22/groovy-json-4.0.22.jar:/Users/elizondo/.m2/repository/io/rest-assured/rest-assured-common/5.5.1/rest-assured-common-5.5.1.jar:/Users/elizondo/.m2/repository/io/rest-assured/xml-path/5.5.1/xml-path-5.5.1.jar:"/>
    <property name="java.vm.vendor" value="Homebrew"/>
    <property name="sun.arch.data.model" value="64"/>
    <property name="java.vendor.url" value="https://github.com/Homebrew/homebrew-core/issues"/>
    <property name="user.timezone" value="America/Monterrey"/>
    <property name="os.name" value="Mac OS X"/>
    <property name="java.vm.specification.version" value="23"/>
    <property name="sun.java.launcher" value="SUN_STANDARD"/>
    <property name="user.country" value="MX"/>
    <property name="sun.boot.library.path" value="/opt/homebrew/Cellar/openjdk/23.0.2/libexec/openjdk.jdk/Contents/Home/lib"/>
    <property name="sun.java.command" value="/Users/elizondo/Documents/java_learning/selenium_learning/selenium-practice-1/target/surefire/surefirebooter-20250325212016946_3.jar /Users/elizondo/Documents/java_learning/selenium_learning/selenium-practice-1/target/surefire 2025-03-25T21-20-16_909-jvmRun1 surefire-20250325212016946_1tmp surefire_0-20250325212016946_2tmp"/>
    <property name="http.nonProxyHosts" value="local|*.local|169.254/16|*.169.254/16"/>
    <property name="jdk.debug" value="release"/>
    <property name="surefire.test.class.path" value="/Users/elizondo/Documents/java_learning/selenium_learning/selenium-practice-1/target/test-classes:/Users/elizondo/Documents/java_learning/selenium_learning/selenium-practice-1/target/classes:/Users/elizondo/.m2/repository/org/slf4j/slf4j-api/2.0.17/slf4j-api-2.0.17.jar:/Users/elizondo/.m2/repository/ch/qos/logback/logback-classic/1.5.17/logback-classic-1.5.17.jar:/Users/elizondo/.m2/repository/ch/qos/logback/logback-core/1.5.17/logback-core-1.5.17.jar:/Users/elizondo/.m2/repository/org/seleniumhq/selenium/selenium-java/4.29.0/selenium-java-4.29.0.jar:/Users/elizondo/.m2/repository/org/seleniumhq/selenium/selenium-api/4.29.0/selenium-api-4.29.0.jar:/Users/elizondo/.m2/repository/org/seleniumhq/selenium/selenium-chrome-driver/4.29.0/selenium-chrome-driver-4.29.0.jar:/Users/elizondo/.m2/repository/org/seleniumhq/selenium/selenium-chromium-driver/4.29.0/selenium-chromium-driver-4.29.0.jar:/Users/elizondo/.m2/repository/org/seleniumhq/selenium/selenium-devtools-v131/4.29.0/selenium-devtools-v131-4.29.0.jar:/Users/elizondo/.m2/repository/org/seleniumhq/selenium/selenium-devtools-v132/4.29.0/selenium-devtools-v132-4.29.0.jar:/Users/elizondo/.m2/repository/org/seleniumhq/selenium/selenium-devtools-v133/4.29.0/selenium-devtools-v133-4.29.0.jar:/Users/elizondo/.m2/repository/org/seleniumhq/selenium/selenium-devtools-v85/4.29.0/selenium-devtools-v85-4.29.0.jar:/Users/elizondo/.m2/repository/org/seleniumhq/selenium/selenium-edge-driver/4.29.0/selenium-edge-driver-4.29.0.jar:/Users/elizondo/.m2/repository/org/seleniumhq/selenium/selenium-firefox-driver/4.29.0/selenium-firefox-driver-4.29.0.jar:/Users/elizondo/.m2/repository/org/seleniumhq/selenium/selenium-ie-driver/4.29.0/selenium-ie-driver-4.29.0.jar:/Users/elizondo/.m2/repository/org/seleniumhq/selenium/selenium-remote-driver/4.29.0/selenium-remote-driver-4.29.0.jar:/Users/elizondo/.m2/repository/io/opentelemetry/semconv/opentelemetry-semconv/1.28.0-alpha/opentelemetry-semconv-1.28.0-alpha.jar:/Users/elizondo/.m2/repository/io/opentelemetry/opentelemetry-api/1.46.0/opentelemetry-api-1.46.0.jar:/Users/elizondo/.m2/repository/io/opentelemetry/opentelemetry-context/1.46.0/opentelemetry-context-1.46.0.jar:/Users/elizondo/.m2/repository/io/opentelemetry/opentelemetry-exporter-logging/1.46.0/opentelemetry-exporter-logging-1.46.0.jar:/Users/elizondo/.m2/repository/io/opentelemetry/opentelemetry-sdk-common/1.46.0/opentelemetry-sdk-common-1.46.0.jar:/Users/elizondo/.m2/repository/io/opentelemetry/opentelemetry-sdk-extension-autoconfigure-spi/1.46.0/opentelemetry-sdk-extension-autoconfigure-spi-1.46.0.jar:/Users/elizondo/.m2/repository/io/opentelemetry/opentelemetry-sdk-extension-autoconfigure/1.46.0/opentelemetry-sdk-extension-autoconfigure-1.46.0.jar:/Users/elizondo/.m2/repository/io/opentelemetry/opentelemetry-api-incubator/1.46.0-alpha/opentelemetry-api-incubator-1.46.0-alpha.jar:/Users/elizondo/.m2/repository/io/opentelemetry/opentelemetry-sdk-trace/1.46.0/opentelemetry-sdk-trace-1.46.0.jar:/Users/elizondo/.m2/repository/io/opentelemetry/opentelemetry-sdk/1.46.0/opentelemetry-sdk-1.46.0.jar:/Users/elizondo/.m2/repository/io/opentelemetry/opentelemetry-sdk-metrics/1.46.0/opentelemetry-sdk-metrics-1.46.0.jar:/Users/elizondo/.m2/repository/io/opentelemetry/opentelemetry-sdk-logs/1.46.0/opentelemetry-sdk-logs-1.46.0.jar:/Users/elizondo/.m2/repository/org/seleniumhq/selenium/selenium-os/4.29.0/selenium-os-4.29.0.jar:/Users/elizondo/.m2/repository/org/apache/commons/commons-exec/1.4.0/commons-exec-1.4.0.jar:/Users/elizondo/.m2/repository/org/seleniumhq/selenium/selenium-safari-driver/4.29.0/selenium-safari-driver-4.29.0.jar:/Users/elizondo/.m2/repository/org/seleniumhq/selenium/selenium-support/4.29.0/selenium-support-4.29.0.jar:/Users/elizondo/.m2/repository/org/testng/testng/7.11.0/testng-7.11.0.jar:/Users/elizondo/.m2/repository/org/jcommander/jcommander/1.83/jcommander-1.83.jar:/Users/elizondo/.m2/repository/org/webjars/jquery/3.7.1/jquery-3.7.1.jar:/Users/elizondo/.m2/repository/org/assertj/assertj-core/3.27.3/assertj-core-3.27.3.jar:/Users/elizondo/.m2/repository/net/bytebuddy/byte-buddy/1.15.11/byte-buddy-1.15.11.jar:/Users/elizondo/.m2/repository/io/github/bonigarcia/webdrivermanager/6.0.0-SNAPSHOT/webdrivermanager-6.0.0-SNAPSHOT.jar:/Users/elizondo/.m2/repository/com/google/code/gson/gson/2.12.1/gson-2.12.1.jar:/Users/elizondo/.m2/repository/com/github/docker-java/docker-java/3.4.1/docker-java-3.4.1.jar:/Users/elizondo/.m2/repository/com/github/docker-java/docker-java-core/3.4.1/docker-java-core-3.4.1.jar:/Users/elizondo/.m2/repository/com/github/docker-java/docker-java-api/3.4.1/docker-java-api-3.4.1.jar:/Users/elizondo/.m2/repository/com/github/docker-java/docker-java-transport-httpclient5/3.4.1/docker-java-transport-httpclient5-3.4.1.jar:/Users/elizondo/.m2/repository/com/github/docker-java/docker-java-transport/3.4.1/docker-java-transport-3.4.1.jar:/Users/elizondo/.m2/repository/net/java/dev/jna/jna/5.13.0/jna-5.13.0.jar:/Users/elizondo/.m2/repository/org/brotli/dec/0.1.2/dec-0.1.2.jar:/Users/elizondo/.m2/repository/org/apache/commons/commons-lang3/3.17.0/commons-lang3-3.17.0.jar:/Users/elizondo/.m2/repository/org/apache/commons/commons-compress/1.27.1/commons-compress-1.27.1.jar:/Users/elizondo/.m2/repository/commons-codec/commons-codec/1.17.1/commons-codec-1.17.1.jar:/Users/elizondo/.m2/repository/org/apache/httpcomponents/client5/httpclient5/5.2.1/httpclient5-5.2.1.jar:/Users/elizondo/.m2/repository/org/apache/httpcomponents/core5/httpcore5/5.2/httpcore5-5.2.jar:/Users/elizondo/.m2/repository/org/apache/httpcomponents/core5/httpcore5-h2/5.2/httpcore5-h2-5.2.jar:/Users/elizondo/.m2/repository/org/seleniumhq/selenium/htmlunit-driver/4.13.0/htmlunit-driver-4.13.0.jar:/Users/elizondo/.m2/repository/net/sourceforge/htmlunit/htmlunit/2.70.0/htmlunit-2.70.0.jar:/Users/elizondo/.m2/repository/net/sourceforge/htmlunit/htmlunit-core-js/2.70.0/htmlunit-core-js-2.70.0.jar:/Users/elizondo/.m2/repository/net/sourceforge/htmlunit/neko-htmlunit/2.70.0/neko-htmlunit-2.70.0.jar:/Users/elizondo/.m2/repository/net/sourceforge/htmlunit/htmlunit-cssparser/1.14.0/htmlunit-cssparser-1.14.0.jar:/Users/elizondo/.m2/repository/net/sourceforge/htmlunit/htmlunit-xpath/2.70.0/htmlunit-xpath-2.70.0.jar:/Users/elizondo/.m2/repository/org/apache/commons/commons-text/1.10.0/commons-text-1.10.0.jar:/Users/elizondo/.m2/repository/commons-logging/commons-logging/1.2/commons-logging-1.2.jar:/Users/elizondo/.m2/repository/commons-net/commons-net/3.9.0/commons-net-3.9.0.jar:/Users/elizondo/.m2/repository/com/shapesecurity/salvation2/3.0.1/salvation2-3.0.1.jar:/Users/elizondo/.m2/repository/org/eclipse/jetty/websocket/websocket-client/9.4.50.v20221201/websocket-client-9.4.50.v20221201.jar:/Users/elizondo/.m2/repository/org/eclipse/jetty/jetty-client/9.4.50.v20221201/jetty-client-9.4.50.v20221201.jar:/Users/elizondo/.m2/repository/org/eclipse/jetty/jetty-http/9.4.50.v20221201/jetty-http-9.4.50.v20221201.jar:/Users/elizondo/.m2/repository/org/eclipse/jetty/jetty-util/9.4.50.v20221201/jetty-util-9.4.50.v20221201.jar:/Users/elizondo/.m2/repository/org/eclipse/jetty/jetty-io/9.4.50.v20221201/jetty-io-9.4.50.v20221201.jar:/Users/elizondo/.m2/repository/org/eclipse/jetty/websocket/websocket-common/9.4.50.v20221201/websocket-common-9.4.50.v20221201.jar:/Users/elizondo/.m2/repository/org/eclipse/jetty/websocket/websocket-api/9.4.50.v20221201/websocket-api-9.4.50.v20221201.jar:/Users/elizondo/.m2/repository/org/seleniumhq/selenium/selenium-grid/4.29.0/selenium-grid-4.29.0.jar:/Users/elizondo/.m2/repository/com/beust/jcommander/1.82/jcommander-1.82.jar:/Users/elizondo/.m2/repository/com/google/auto/service/auto-service-annotations/1.1.1/auto-service-annotations-1.1.1.jar:/Users/elizondo/.m2/repository/com/google/guava/guava/33.4.0-jre/guava-33.4.0-jre.jar:/Users/elizondo/.m2/repository/com/google/guava/failureaccess/1.0.2/failureaccess-1.0.2.jar:/Users/elizondo/.m2/repository/com/google/guava/listenablefuture/9999.0-empty-to-avoid-conflict-with-guava/listenablefuture-9999.0-empty-to-avoid-conflict-with-guava.jar:/Users/elizondo/.m2/repository/com/google/code/findbugs/jsr305/3.0.2/jsr305-3.0.2.jar:/Users/elizondo/.m2/repository/org/checkerframework/checker-qual/3.43.0/checker-qual-3.43.0.jar:/Users/elizondo/.m2/repository/com/google/j2objc/j2objc-annotations/3.0.0/j2objc-annotations-3.0.0.jar:/Users/elizondo/.m2/repository/com/graphql-java/graphql-java/22.3/graphql-java-22.3.jar:/Users/elizondo/.m2/repository/com/graphql-java/java-dataloader/3.3.0/java-dataloader-3.3.0.jar:/Users/elizondo/.m2/repository/org/reactivestreams/reactive-streams/1.0.3/reactive-streams-1.0.3.jar:/Users/elizondo/.m2/repository/dev/failsafe/failsafe/3.3.2/failsafe-3.3.2.jar:/Users/elizondo/.m2/repository/io/netty/netty-buffer/4.1.117.Final/netty-buffer-4.1.117.Final.jar:/Users/elizondo/.m2/repository/io/netty/netty-codec-http/4.1.117.Final/netty-codec-http-4.1.117.Final.jar:/Users/elizondo/.m2/repository/io/netty/netty-codec/4.1.117.Final/netty-codec-4.1.117.Final.jar:/Users/elizondo/.m2/repository/io/netty/netty-common/4.1.117.Final/netty-common-4.1.117.Final.jar:/Users/elizondo/.m2/repository/io/netty/netty-handler/4.1.117.Final/netty-handler-4.1.117.Final.jar:/Users/elizondo/.m2/repository/io/netty/netty-resolver/4.1.117.Final/netty-resolver-4.1.117.Final.jar:/Users/elizondo/.m2/repository/io/netty/netty-transport-native-unix-common/4.1.117.Final/netty-transport-native-unix-common-4.1.117.Final.jar:/Users/elizondo/.m2/repository/io/netty/netty-transport/4.1.117.Final/netty-transport-4.1.117.Final.jar:/Users/elizondo/.m2/repository/org/seleniumhq/selenium/selenium-http/4.29.0/selenium-http-4.29.0.jar:/Users/elizondo/.m2/repository/org/seleniumhq/selenium/selenium-json/4.29.0/selenium-json-4.29.0.jar:/Users/elizondo/.m2/repository/org/seleniumhq/selenium/selenium-manager/4.29.0/selenium-manager-4.29.0.jar:/Users/elizondo/.m2/repository/org/tomlj/tomlj/1.1.1/tomlj-1.1.1.jar:/Users/elizondo/.m2/repository/org/antlr/antlr4-runtime/4.11.1/antlr4-runtime-4.11.1.jar:/Users/elizondo/.m2/repository/org/zeromq/jeromq/0.6.0/jeromq-0.6.0.jar:/Users/elizondo/.m2/repository/eu/neilalexander/jnacl/1.0.0/jnacl-1.0.0.jar:/Users/elizondo/.m2/repository/org/awaitility/awaitility/4.3.0/awaitility-4.3.0.jar:/Users/elizondo/.m2/repository/org/hamcrest/hamcrest/2.1/hamcrest-2.1.jar:/Users/elizondo/.m2/repository/net/lightbody/bmp/browsermob-core/2.1.5/browsermob-core-2.1.5.jar:/Users/elizondo/.m2/repository/net/lightbody/bmp/littleproxy/1.1.0-beta-bmp-17/littleproxy-1.1.0-beta-bmp-17.jar:/Users/elizondo/.m2/repository/dnsjava/dnsjava/2.1.8/dnsjava-2.1.8.jar:/Users/elizondo/.m2/repository/org/slf4j/jcl-over-slf4j/1.7.25/jcl-over-slf4j-1.7.25.jar:/Users/elizondo/.m2/repository/com/jcraft/jzlib/1.1.3/jzlib-1.1.3.jar:/Users/elizondo/.m2/repository/io/netty/netty-all/4.0.51.Final/netty-all-4.0.51.Final.jar:/Users/elizondo/.m2/repository/org/bouncycastle/bcprov-jdk15on/1.58/bcprov-jdk15on-1.58.jar:/Users/elizondo/.m2/repository/org/bouncycastle/bcpkix-jdk15on/1.58/bcpkix-jdk15on-1.58.jar:/Users/elizondo/.m2/repository/net/lightbody/bmp/mitm/2.1.5/mitm-2.1.5.jar:/Users/elizondo/.m2/repository/org/zaproxy/zap-clientapi/1.16.0/zap-clientapi-1.16.0.jar:/Users/elizondo/.m2/repository/org/jdom/jdom/1.1.3/jdom-1.1.3.jar:/Users/elizondo/.m2/repository/com/deque/html/axe-core/selenium/4.10.1/selenium-4.10.1.jar:/Users/elizondo/.m2/repository/commons-io/commons-io/2.16.1/commons-io-2.16.1.jar:/Users/elizondo/.m2/repository/com/fasterxml/jackson/core/jackson-databind/2.17.1/jackson-databind-2.17.1.jar:/Users/elizondo/.m2/repository/com/fasterxml/jackson/core/jackson-annotations/2.17.1/jackson-annotations-2.17.1.jar:/Users/elizondo/.m2/repository/com/fasterxml/jackson/core/jackson-core/2.17.1/jackson-core-2.17.1.jar:/Users/elizondo/.m2/repository/com/deque/html/axe-core/dequeutilites/4.10.1/dequeutilites-4.10.1.jar:/Users/elizondo/.m2/repository/com/codeborne/selenide/7.7.3/selenide-7.7.3.jar:/Users/elizondo/.m2/repository/com/codeborne/selenide-core/7.7.3/selenide-core-7.7.3.jar:/Users/elizondo/.m2/repository/org/opentest4j/opentest4j/1.3.0/opentest4j-1.3.0.jar:/Users/elizondo/.m2/repository/com/github/valfirst/browserup-proxy/browserup-proxy-core/3.1.2/browserup-proxy-core-3.1.2.jar:/Users/elizondo/.m2/repository/org/jspecify/jspecify/1.0.0/jspecify-1.0.0.jar:/Users/elizondo/.m2/repository/com/google/errorprone/error_prone_annotations/2.36.0/error_prone_annotations-2.36.0.jar:/Users/elizondo/.m2/repository/net/datafaker/datafaker/2.4.2/datafaker-2.4.2.jar:/Users/elizondo/.m2/repository/org/yaml/snakeyaml/2.3/snakeyaml-2.3.jar:/Users/elizondo/.m2/repository/com/github/curious-odd-man/rgxgen/2.0/rgxgen-2.0.jar:/Users/elizondo/.m2/repository/com/googlecode/libphonenumber/libphonenumber/8.13.50/libphonenumber-8.13.50.jar:/Users/elizondo/.m2/repository/com/aventstack/extentreports/5.1.2/extentreports-5.1.2.jar:/Users/elizondo/.m2/repository/io/reactivex/rxjava3/rxjava/3.1.6/rxjava-3.1.6.jar:/Users/elizondo/.m2/repository/org/freemarker/freemarker/2.3.32/freemarker-2.3.32.jar:/Users/elizondo/.m2/repository/io/qameta/allure/allure-testng/2.29.1/allure-testng-2.29.1.jar:/Users/elizondo/.m2/repository/io/qameta/allure/allure-java-commons/2.29.1/allure-java-commons-2.29.1.jar:/Users/elizondo/.m2/repository/io/qameta/allure/allure-model/2.29.1/allure-model-2.29.1.jar:/Users/elizondo/.m2/repository/io/qameta/allure/allure-test-filter/2.29.1/allure-test-filter-2.29.1.jar:/Users/elizondo/.m2/repository/io/cucumber/cucumber-java/7.21.1/cucumber-java-7.21.1.jar:/Users/elizondo/.m2/repository/io/cucumber/cucumber-core/7.21.1/cucumber-core-7.21.1.jar:/Users/elizondo/.m2/repository/io/cucumber/cucumber-gherkin/7.21.1/cucumber-gherkin-7.21.1.jar:/Users/elizondo/.m2/repository/io/cucumber/cucumber-gherkin-messages/7.21.1/cucumber-gherkin-messages-7.21.1.jar:/Users/elizondo/.m2/repository/io/cucumber/gherkin/31.0.0/gherkin-31.0.0.jar:/Users/elizondo/.m2/repository/io/cucumber/messages/27.2.0/messages-27.2.0.jar:/Users/elizondo/.m2/repository/io/cucumber/testng-xml-formatter/0.3.1/testng-xml-formatter-0.3.1.jar:/Users/elizondo/.m2/repository/io/cucumber/query/13.2.0/query-13.2.0.jar:/Users/elizondo/.m2/repository/io/cucumber/tag-expressions/6.1.2/tag-expressions-6.1.2.jar:/Users/elizondo/.m2/repository/io/cucumber/cucumber-expressions/18.0.1/cucumber-expressions-18.0.1.jar:/Users/elizondo/.m2/repository/io/cucumber/datatable/7.21.1/datatable-7.21.1.jar:/Users/elizondo/.m2/repository/io/cucumber/cucumber-plugin/7.21.1/cucumber-plugin-7.21.1.jar:/Users/elizondo/.m2/repository/io/cucumber/docstring/7.21.1/docstring-7.21.1.jar:/Users/elizondo/.m2/repository/io/cucumber/html-formatter/21.9.0/html-formatter-21.9.0.jar:/Users/elizondo/.m2/repository/io/cucumber/junit-xml-formatter/0.7.1/junit-xml-formatter-0.7.1.jar:/Users/elizondo/.m2/repository/io/cucumber/ci-environment/10.0.1/ci-environment-10.0.1.jar:/Users/elizondo/.m2/repository/org/apiguardian/apiguardian-api/1.1.2/apiguardian-api-1.1.2.jar:/Users/elizondo/.m2/repository/io/cucumber/cucumber-testng/7.21.1/cucumber-testng-7.21.1.jar:/Users/elizondo/.m2/repository/org/springframework/boot/spring-boot-starter/3.4.3/spring-boot-starter-3.4.3.jar:/Users/elizondo/.m2/repository/org/springframework/boot/spring-boot/3.4.3/spring-boot-3.4.3.jar:/Users/elizondo/.m2/repository/org/springframework/spring-context/6.2.3/spring-context-6.2.3.jar:/Users/elizondo/.m2/repository/org/springframework/boot/spring-boot-autoconfigure/3.4.3/spring-boot-autoconfigure-3.4.3.jar:/Users/elizondo/.m2/repository/org/springframework/boot/spring-boot-starter-logging/3.4.3/spring-boot-starter-logging-3.4.3.jar:/Users/elizondo/.m2/repository/org/apache/logging/log4j/log4j-to-slf4j/2.24.3/log4j-to-slf4j-2.24.3.jar:/Users/elizondo/.m2/repository/org/apache/logging/log4j/log4j-api/2.24.3/log4j-api-2.24.3.jar:/Users/elizondo/.m2/repository/org/slf4j/jul-to-slf4j/2.0.16/jul-to-slf4j-2.0.16.jar:/Users/elizondo/.m2/repository/jakarta/annotation/jakarta.annotation-api/2.1.1/jakarta.annotation-api-2.1.1.jar:/Users/elizondo/.m2/repository/org/springframework/spring-core/6.2.3/spring-core-6.2.3.jar:/Users/elizondo/.m2/repository/org/springframework/spring-jcl/6.2.3/spring-jcl-6.2.3.jar:/Users/elizondo/.m2/repository/org/springframework/boot/spring-boot-starter-web/3.4.3/spring-boot-starter-web-3.4.3.jar:/Users/elizondo/.m2/repository/org/springframework/boot/spring-boot-starter-json/3.4.3/spring-boot-starter-json-3.4.3.jar:/Users/elizondo/.m2/repository/com/fasterxml/jackson/datatype/jackson-datatype-jdk8/2.18.2/jackson-datatype-jdk8-2.18.2.jar:/Users/elizondo/.m2/repository/com/fasterxml/jackson/datatype/jackson-datatype-jsr310/2.18.2/jackson-datatype-jsr310-2.18.2.jar:/Users/elizondo/.m2/repository/com/fasterxml/jackson/module/jackson-module-parameter-names/2.18.2/jackson-module-parameter-names-2.18.2.jar:/Users/elizondo/.m2/repository/org/springframework/boot/spring-boot-starter-tomcat/3.4.3/spring-boot-starter-tomcat-3.4.3.jar:/Users/elizondo/.m2/repository/org/apache/tomcat/embed/tomcat-embed-core/10.1.36/tomcat-embed-core-10.1.36.jar:/Users/elizondo/.m2/repository/org/apache/tomcat/embed/tomcat-embed-el/10.1.36/tomcat-embed-el-10.1.36.jar:/Users/elizondo/.m2/repository/org/apache/tomcat/embed/tomcat-embed-websocket/10.1.36/tomcat-embed-websocket-10.1.36.jar:/Users/elizondo/.m2/repository/org/springframework/spring-web/6.2.3/spring-web-6.2.3.jar:/Users/elizondo/.m2/repository/org/springframework/spring-beans/6.2.3/spring-beans-6.2.3.jar:/Users/elizondo/.m2/repository/io/micrometer/micrometer-observation/1.14.4/micrometer-observation-1.14.4.jar:/Users/elizondo/.m2/repository/io/micrometer/micrometer-commons/1.14.4/micrometer-commons-1.14.4.jar:/Users/elizondo/.m2/repository/org/springframework/spring-webmvc/6.2.3/spring-webmvc-6.2.3.jar:/Users/elizondo/.m2/repository/org/springframework/spring-aop/6.2.3/spring-aop-6.2.3.jar:/Users/elizondo/.m2/repository/org/springframework/spring-expression/6.2.3/spring-expression-6.2.3.jar:/Users/elizondo/.m2/repository/org/springframework/boot/spring-boot-starter-test/3.4.3/spring-boot-starter-test-3.4.3.jar:/Users/elizondo/.m2/repository/org/springframework/boot/spring-boot-test/3.4.3/spring-boot-test-3.4.3.jar:/Users/elizondo/.m2/repository/org/springframework/boot/spring-boot-test-autoconfigure/3.4.3/spring-boot-test-autoconfigure-3.4.3.jar:/Users/elizondo/.m2/repository/com/jayway/jsonpath/json-path/2.9.0/json-path-2.9.0.jar:/Users/elizondo/.m2/repository/jakarta/xml/bind/jakarta.xml.bind-api/4.0.2/jakarta.xml.bind-api-4.0.2.jar:/Users/elizondo/.m2/repository/jakarta/activation/jakarta.activation-api/2.1.3/jakarta.activation-api-2.1.3.jar:/Users/elizondo/.m2/repository/net/minidev/json-smart/2.5.2/json-smart-2.5.2.jar:/Users/elizondo/.m2/repository/net/minidev/accessors-smart/2.5.2/accessors-smart-2.5.2.jar:/Users/elizondo/.m2/repository/org/ow2/asm/asm/9.7.1/asm-9.7.1.jar:/Users/elizondo/.m2/repository/org/mockito/mockito-core/5.14.2/mockito-core-5.14.2.jar:/Users/elizondo/.m2/repository/net/bytebuddy/byte-buddy-agent/1.15.4/byte-buddy-agent-1.15.4.jar:/Users/elizondo/.m2/repository/org/objenesis/objenesis/3.3/objenesis-3.3.jar:/Users/elizondo/.m2/repository/org/mockito/mockito-junit-jupiter/5.14.2/mockito-junit-jupiter-5.14.2.jar:/Users/elizondo/.m2/repository/org/skyscreamer/jsonassert/1.5.3/jsonassert-1.5.3.jar:/Users/elizondo/.m2/repository/com/vaadin/external/google/android-json/0.0.20131108.vaadin1/android-json-0.0.20131108.vaadin1.jar:/Users/elizondo/.m2/repository/org/springframework/spring-test/6.2.3/spring-test-6.2.3.jar:/Users/elizondo/.m2/repository/org/xmlunit/xmlunit-core/2.10.0/xmlunit-core-2.10.0.jar:/Users/elizondo/.m2/repository/io/appium/java-client/9.4.0/java-client-9.4.0.jar:/Users/elizondo/.m2/repository/io/rest-assured/rest-assured/5.5.1/rest-assured-5.5.1.jar:/Users/elizondo/.m2/repository/org/apache/groovy/groovy/4.0.22/groovy-4.0.22.jar:/Users/elizondo/.m2/repository/org/apache/groovy/groovy-xml/4.0.22/groovy-xml-4.0.22.jar:/Users/elizondo/.m2/repository/org/apache/httpcomponents/httpclient/4.5.13/httpclient-4.5.13.jar:/Users/elizondo/.m2/repository/org/apache/httpcomponents/httpcore/4.4.13/httpcore-4.4.13.jar:/Users/elizondo/.m2/repository/org/apache/httpcomponents/httpmime/4.5.13/httpmime-4.5.13.jar:/Users/elizondo/.m2/repository/org/ccil/cowan/tagsoup/tagsoup/1.2.1/tagsoup-1.2.1.jar:/Users/elizondo/.m2/repository/io/rest-assured/json-path/5.5.1/json-path-5.5.1.jar:/Users/elizondo/.m2/repository/org/apache/groovy/groovy-json/4.0.22/groovy-json-4.0.22.jar:/Users/elizondo/.m2/repository/io/rest-assured/rest-assured-common/5.5.1/rest-assured-common-5.5.1.jar:/Users/elizondo/.m2/repository/io/rest-assured/xml-path/5.5.1/xml-path-5.5.1.jar:"/>
    <property name="sun.cpu.endian" value="little"/>
    <property name="user.home" value="/Users/elizondo"/>
    <property name="user.language" value="en"/>
    <property name="java.specification.vendor" value="Oracle Corporation"/>
    <property name="java.version.date" value="2025-01-21"/>
    <property name="java.home" value="/opt/homebrew/Cellar/openjdk/23.0.2/libexec/openjdk.jdk/Contents/Home"/>
    <property name="file.separator" value="/"/>
    <property name="basedir" value="/Users/elizondo/Documents/java_learning/selenium_learning/selenium-practice-1"/>
    <property name="java.vm.compressedOopsMode" value="Zero based"/>
    <property name="line.separator" value="&#10;"/>
    <property name="java.vm.specification.vendor" value="Oracle Corporation"/>
    <property name="java.specification.name" value="Java Platform API Specification"/>
    <property name="apple.awt.application.name" value="ForkedBooter"/>
    <property name="surefire.real.class.path" value="/Users/elizondo/Documents/java_learning/selenium_learning/selenium-practice-1/target/surefire/surefirebooter-20250325212016946_3.jar"/>
    <property name="sun.management.compiler" value="HotSpot 64-Bit Tiered Compilers"/>
    <property name="ftp.nonProxyHosts" value="local|*.local|169.254/16|*.169.254/16"/>
    <property name="java.runtime.version" value="23.0.2"/>
    <property name="user.name" value="elizondo"/>
    <property name="stdout.encoding" value="UTF-8"/>
    <property name="path.separator" value=":"/>
    <property name="os.version" value="14.6.1"/>
    <property name="java.runtime.name" value="OpenJDK Runtime Environment"/>
    <property name="file.encoding" value="UTF-8"/>
    <property name="java.vm.name" value="OpenJDK 64-Bit Server VM"/>
    <property name="java.vendor.version" value="Homebrew"/>
    <property name="localRepository" value="/Users/elizondo/.m2/repository"/>
    <property name="java.vendor.url.bug" value="https://github.com/Homebrew/homebrew-core/issues"/>
    <property name="java.io.tmpdir" value="/var/folders/ks/7lyv_r6d7zs61zhpggmdy9pc0000gn/T/"/>
    <property name="java.version" value="23.0.2"/>
    <property name="user.dir" value="/Users/elizondo/Documents/java_learning/selenium_learning/selenium-practice-1"/>
    <property name="os.arch" value="aarch64"/>
    <property name="webdriver.gecko.driver" value="/Users/elizondo/.cache/selenium/geckodriver/mac-arm64/0.36.0/geckodriver"/>
    <property name="java.vm.specification.name" value="Java Virtual Machine Specification"/>
    <property name="native.encoding" value="UTF-8"/>
    <property name="java.library.path" value="/Users/elizondo/Library/Java/Extensions:/Library/Java/Extensions:/Network/Library/Java/Extensions:/System/Library/Java/Extensions:/usr/lib/java:."/>
    <property name="java.vm.info" value="mixed mode, sharing"/>
    <property name="stderr.encoding" value="UTF-8"/>
    <property name="java.vendor" value="Homebrew"/>
    <property name="java.vm.version" value="23.0.2"/>
    <property name="sun.io.unicode.encoding" value="UnicodeBig"/>
    <property name="socksNonProxyHosts" value="local|*.local|169.254/16|*.169.254/16"/>
    <property name="java.class.version" value="67.0"/>
  </properties>
  <testcase name="testTextInput[firefox](1)" classname="edep.seleniumLearning.app.tests.WebFormTest" time="2.501">
    <system-out><![CDATA[21:20:17.731 [TestNG-test-parallel-tests-2] INFO io.github.bonigarcia.wdm.WebDriverManager -- Using geckodriver 0.36.0 (resolved driver for Firefox 135)
21:20:17.731 [TestNG-test-parallel-tests-1] INFO io.github.bonigarcia.wdm.WebDriverManager -- Using geckodriver 0.36.0 (resolved driver for Firefox 135)
21:20:17.742 [TestNG-test-parallel-tests-2] INFO io.github.bonigarcia.wdm.WebDriverManager -- Exporting webdriver.gecko.driver as /Users/elizondo/.cache/selenium/geckodriver/mac-arm64/0.36.0/geckodriver
21:20:17.743 [TestNG-test-parallel-tests-1] INFO io.github.bonigarcia.wdm.WebDriverManager -- Exporting webdriver.gecko.driver as /Users/elizondo/.cache/selenium/geckodriver/mac-arm64/0.36.0/geckodriver
]]></system-out>
  </testcase>
  <testcase name="testTextInput[chrome](2)" classname="edep.seleniumLearning.app.tests.WebFormTest" time="1.482">
    <system-out><![CDATA[21:20:20.558 [TestNG-test-parallel-tests-1] INFO io.github.bonigarcia.wdm.WebDriverManager -- Using chromedriver 134.0.6998.165 (resolved driver for Chrome 134)
21:20:20.561 [TestNG-test-parallel-tests-1] INFO io.github.bonigarcia.wdm.WebDriverManager -- Exporting webdriver.chrome.driver as /Users/elizondo/.cache/selenium/chromedriver/mac-arm64/134.0.6998.165/chromedriver
21:20:20.714 [TestNG-test-parallel-tests-2] INFO io.github.bonigarcia.wdm.WebDriverManager -- Using chromedriver 134.0.6998.165 (resolved driver for Chrome 134)
21:20:20.717 [TestNG-test-parallel-tests-2] INFO io.github.bonigarcia.wdm.WebDriverManager -- Exporting webdriver.chrome.driver as /Users/elizondo/.cache/selenium/chromedriver/mac-arm64/134.0.6998.165/chromedriver
]]></system-out>
    <system-err><![CDATA[Mar 25, 2025 9:20:21 PM org.openqa.selenium.devtools.CdpVersionFinder findNearestMatch
WARNING: Unable to find an exact match for CDP version 134, returning the closest version; found: 133; Please update to a Selenium version that supports CDP version 134
Mar 25, 2025 9:20:21 PM org.openqa.selenium.devtools.CdpVersionFinder findNearestMatch
WARNING: Unable to find an exact match for CDP version 134, returning the closest version; found: 133; Please update to a Selenium version that supports CDP version 134
]]></system-err>
  </testcase>
  <testcase name="testTextInput[firefox](1)" classname="edep.seleniumLearning.app.tests.WebFormTestCopy" time="2.766"/>
  <testcase name="testTextInput[chrome](2)" classname="edep.seleniumLearning.app.tests.WebFormTestCopy" time="1.482"/>
</testsuite>