<?xml version="1.0" encoding="UTF-8"?>
<!-- Generated by org.testng.reporters.JUnitReportReporter -->
<testsuite hostname="Estebans-MacBook-Air.local" failures="0" tests="2" name="edep.seleniumLearning.app.tests.WebFormTestCopy" time="4.779" errors="0" timestamp="2025-03-25T21:20:22 CST" skipped="0">
  <testcase classname="edep.seleniumLearning.app.tests.WebFormTestCopy" name="testTextInput" time="1.572"/>
  <testcase classname="edep.seleniumLearning.app.tests.WebFormTestCopy" name="testTextInput" time="3.207"/>
</testsuite> <!-- edep.seleniumLearning.app.tests.WebFormTestCopy -->
