<?xml version="1.0" encoding="UTF-8"?>
<!-- Generated by org.testng.reporters.JUnitReportReporter -->
<testsuite hostname="Estebans-MacBook-Air.local" failures="0" tests="2" name="edep.seleniumLearning.app.tests.WebFormTest" time="4.733" errors="0" timestamp="2025-03-25T21:20:22 CST" skipped="0">
  <testcase classname="edep.seleniumLearning.app.tests.WebFormTest" name="testTextInput" time="2.546"/>
  <testcase classname="edep.seleniumLearning.app.tests.WebFormTest" name="testTextInput" time="2.187"/>
</testsuite> <!-- edep.seleniumLearning.app.tests.WebFormTest -->
